TN:
SF:src/RebaseToken.sol
DA:53,6
FN:53,RebaseToken.constructor
FNDA:6,RebaseToken.constructor
DA:54,6
DA:57,6
FN:57,RebaseToken.grantMintAndBurnRole
FNDA:6,RebaseToken.grantMintAndBurnRole
DA:58,6
DA:72,257
FN:72,RebaseToken.setInterestRate
FNDA:257,RebaseToken.setInterestRate
DA:73,257
BRDA:73,0,0,-
DA:74,0
DA:76,257
DA:77,257
DA:86,1285
FN:86,RebaseToken.mint
FNDA:1285,RebaseToken.mint
DA:87,1285
DA:91,1285
DA:92,1285
DA:101,514
FN:101,RebaseToken.burn
FNDA:514,RebaseToken.burn
DA:102,514
BRDA:102,1,0,-
DA:103,0
DA:105,514
DA:106,514
DA:114,3084
FN:114,RebaseToken.balanceOf
FNDA:3084,RebaseToken.balanceOf
DA:117,6425
DA:127,257
FN:127,RebaseToken.transfer
FNDA:257,RebaseToken.transfer
DA:128,257
DA:129,257
DA:130,257
BRDA:130,2,0,-
DA:131,0
DA:133,257
BRDA:133,3,0,257
DA:134,257
DA:136,257
DA:147,257
FN:147,RebaseToken.transferFrom
FNDA:257,RebaseToken.transferFrom
DA:148,257
DA:149,257
DA:150,257
BRDA:150,4,0,-
DA:151,0
DA:153,257
BRDA:153,5,0,257
DA:154,257
DA:156,257
DA:165,6425
FN:165,RebaseToken._calculateUserAccruedInterestSinceLastUpdate
FNDA:6425,RebaseToken._calculateUserAccruedInterestSinceLastUpdate
DA:179,6425
DA:180,6425
DA:188,2827
FN:188,RebaseToken._mintAccruedInterest
FNDA:2827,RebaseToken._mintAccruedInterest
DA:190,2827
DA:192,2827
DA:194,2827
DA:196,2827
DA:198,2827
DA:206,514
FN:206,RebaseToken.getInterestRate
FNDA:514,RebaseToken.getInterestRate
DA:207,514
DA:215,0
FN:215,RebaseToken.getUserInterestRate
FNDA:0,RebaseToken.getUserInterestRate
DA:216,0
FNF:12
FNH:11
LF:49
LH:43
BRF:6
BRH:2
end_of_record
TN:
SF:src/Vault.sol
DA:38,6
FN:38,Vault.constructor
FNDA:6,Vault.constructor
DA:39,6
DA:50,1285
FN:50,Vault.deposit
FNDA:1285,Vault.deposit
DA:51,1285
DA:52,1285
DA:60,514
FN:60,Vault.redeem
FNDA:514,Vault.redeem
DA:61,514
BRDA:61,0,0,514
DA:62,514
DA:65,514
DA:66,514
DA:67,514
BRDA:67,1,0,-
DA:68,0
DA:70,514
DA:73,0
FN:73,Vault.getRebaseTokenAddress
FNDA:0,Vault.getRebaseTokenAddress
DA:74,0
FNF:4
FNH:3
LF:15
LH:12
BRF:2
BRH:1
end_of_record
